
2025/03/17 (12:18:59) | ===> btop++ v.1.4.0
2025/03/17 (12:18:59) | WARNING: Intel GPU: Failed to initialize PMU

2025/03/19 (14:58:29) | ===> btop++ v.1.4.0
2025/03/19 (14:58:29) | WARNING: Intel GPU: Failed to initialize PMU

2025/03/19 (14:59:49) | ===> btop++ v.1.4.0
2025/03/19 (14:59:49) | WARNING: Intel GPU: Failed to initialize PMU
2025/03/19 (14:59:52) | ERROR: Couldn't determine terminal size of "STDOUT_FILENO"!
2025/03/19 (14:59:52) | ERROR: Couldn't determine terminal size of "/dev/tty"!

2025/03/19 (15:00:48) | ===> btop++ v.1.4.0
2025/03/19 (15:00:48) | WARNING: Intel GPU: Failed to initialize PMU

2025/03/19 (15:03:20) | ===> btop++ v.1.4.0
2025/03/19 (15:03:20) | WARNING: Intel GPU: Failed to initialize PMU

2025/03/19 (15:03:52) | ===> btop++ v.1.4.0
2025/03/19 (15:03:52) | WARNING: Intel GPU: Failed to initialize PMU

2025/03/19 (15:04:35) | ===> btop++ v.1.4.0
2025/03/19 (15:04:35) | WARNING: Intel GPU: Failed to initialize PMU

2025/03/19 (15:04:48) | ===> btop++ v.1.4.0
2025/03/19 (15:04:48) | WARNING: Intel GPU: Failed to initialize PMU

2025/03/19 (15:04:55) | ===> btop++ v.1.4.0
2025/03/19 (15:04:55) | WARNING: Intel GPU: Failed to initialize PMU

2025/03/20 (09:50:17) | ===> btop++ v.1.4.0
2025/03/20 (09:50:17) | WARNING: Intel GPU: Failed to initialize PMU

2025/03/23 (09:04:36) | ===> btop++ v.1.4.0
2025/03/23 (09:04:36) | WARNING: Intel GPU: Failed to initialize PMU

2025/03/23 (17:07:08) | ===> btop++ v.1.4.0
2025/03/23 (17:07:08) | WARNING: Intel GPU: Failed to initialize PMU

2025/03/24 (11:47:14) | ===> btop++ v.1.4.0
2025/03/24 (11:47:14) | WARNING: Intel GPU: Failed to initialize PMU

2025/03/26 (00:24:38) | ===> btop++ v.1.4.0
2025/03/26 (00:24:38) | WARNING: Intel GPU: Failed to initialize PMU

2025/03/26 (00:27:19) | ===> btop++ v.1.4.0
2025/03/26 (00:27:19) | WARNING: Intel GPU: Failed to initialize PMU

2025/04/01 (13:34:13) | ===> btop++ v.1.4.0
2025/04/01 (13:34:13) | WARNING: Intel GPU: Failed to initialize PMU

2025/04/01 (13:40:44) | ===> btop++ v.1.4.0
2025/04/01 (13:40:44) | WARNING: Intel GPU: Failed to initialize PMU

2025/04/01 (13:41:45) | ===> btop++ v.1.4.0
2025/04/01 (13:41:45) | WARNING: Intel GPU: Failed to initialize PMU
2025/04/01 (13:41:53) | WARNING: Failed to join _runner thread on exit!

2025/04/01 (13:42:17) | ===> btop++ v.1.4.0
2025/04/01 (13:42:17) | WARNING: Intel GPU: Failed to initialize PMU
2025/04/01 (13:44:26) | WARNING: Failed to join _runner thread on exit!

2025/04/01 (13:44:28) | ===> btop++ v.1.4.0
2025/04/01 (13:44:28) | WARNING: Intel GPU: Failed to initialize PMU

2025/04/01 (13:45:31) | ===> btop++ v.1.4.0
2025/04/01 (13:45:31) | WARNING: Intel GPU: Failed to initialize PMU

2025/04/03 (01:29:36) | ===> btop++ v.1.4.0
2025/04/03 (01:29:36) | WARNING: Intel GPU: Failed to initialize PMU

2025/04/16 (18:44:35) | ===> btop++ v.1.4.0
2025/04/16 (18:44:35) | WARNING: Intel GPU: Failed to initialize PMU

2025/04/17 (11:16:16) | ===> btop++ v.1.4.0
2025/04/17 (11:16:16) | WARNING: Intel GPU: Failed to initialize PMU

2025/04/17 (11:18:02) | ===> btop++ v.1.4.0
2025/04/17 (11:18:02) | WARNING: Intel GPU: Failed to initialize PMU

2025/04/17 (11:18:48) | ===> btop++ v.1.4.0
2025/04/17 (11:18:48) | WARNING: Intel GPU: Failed to initialize PMU

2025/04/17 (11:19:02) | ===> btop++ v.1.4.0
2025/04/17 (11:19:02) | WARNING: Intel GPU: Failed to initialize PMU

2025/04/17 (11:19:38) | ===> btop++ v.1.4.0
2025/04/17 (11:19:38) | WARNING: Intel GPU: Failed to initialize PMU

2025/04/17 (11:19:58) | ===> btop++ v.1.4.0
2025/04/17 (11:19:58) | WARNING: Intel GPU: Failed to initialize PMU

2025/04/17 (11:21:08) | ===> btop++ v.1.4.0
2025/04/17 (11:21:08) | WARNING: Intel GPU: Failed to initialize PMU

2025/04/17 (11:22:32) | ===> btop++ v.1.4.0
2025/04/17 (11:22:32) | WARNING: Intel GPU: Failed to initialize PMU

2025/04/17 (11:23:15) | ===> btop++ v.1.4.0
2025/04/17 (11:23:15) | WARNING: Intel GPU: Failed to initialize PMU

2025/04/17 (18:17:15) | ===> btop++ v.1.4.0
2025/04/17 (18:17:15) | WARNING: Intel GPU: Failed to initialize PMU

2025/04/20 (17:28:45) | ===> btop++ v.1.4.0
2025/04/20 (17:28:45) | WARNING: Intel GPU: Failed to initialize PMU

2025/04/20 (22:35:47) | ===> btop++ v.1.4.0
2025/04/20 (22:35:47) | WARNING: Intel GPU: Failed to initialize PMU

2025/04/20 (22:40:08) | ===> btop++ v.1.4.0
2025/04/20 (22:40:08) | WARNING: Intel GPU: Failed to initialize PMU

2025/04/20 (22:40:51) | ===> btop++ v.1.4.0
2025/04/20 (22:40:51) | WARNING: Intel GPU: Failed to initialize PMU

2025/04/20 (22:41:32) | ===> btop++ v.1.4.0
2025/04/20 (22:41:32) | WARNING: Intel GPU: Failed to initialize PMU

2025/04/20 (22:47:34) | ===> btop++ v.1.4.0
2025/04/20 (22:47:34) | WARNING: Intel GPU: Failed to initialize PMU

2025/04/21 (00:01:27) | ===> btop++ v.1.4.0
2025/04/21 (00:01:27) | WARNING: Intel GPU: Failed to initialize PMU

2025/04/21 (00:01:49) | ===> btop++ v.1.4.0
2025/04/21 (00:01:49) | WARNING: Intel GPU: Failed to initialize PMU

2025/04/21 (00:07:52) | ===> btop++ v.1.4.0
2025/04/21 (00:07:52) | WARNING: Intel GPU: Failed to initialize PMU

2025/04/21 (00:14:25) | ===> btop++ v.1.4.0
2025/04/21 (00:14:25) | WARNING: Intel GPU: Failed to initialize PMU

2025/04/21 (00:26:03) | ===> btop++ v.1.4.0
2025/04/21 (00:26:03) | WARNING: Intel GPU: Failed to initialize PMU

2025/04/21 (00:27:08) | ===> btop++ v.1.4.0
2025/04/21 (00:27:08) | WARNING: Intel GPU: Failed to initialize PMU

2025/04/21 (00:27:37) | ===> btop++ v.1.4.0
2025/04/21 (00:27:37) | WARNING: Intel GPU: Failed to initialize PMU

2025/04/21 (00:32:58) | ===> btop++ v.1.4.0
2025/04/21 (00:32:58) | WARNING: Intel GPU: Failed to initialize PMU

2025/04/22 (18:20:55) | ===> btop++ v.1.4.0
2025/04/22 (18:20:55) | WARNING: Intel GPU: Failed to initialize PMU

2025/04/23 (16:46:43) | ===> btop++ v.1.4.0
2025/04/23 (16:46:43) | WARNING: Intel GPU: Failed to initialize PMU

2025/04/23 (20:34:57) | ===> btop++ v.1.4.0
2025/04/23 (20:34:57) | WARNING: Intel GPU: Failed to initialize PMU

2025/04/24 (22:13:42) | ===> btop++ v.1.4.0
2025/04/24 (22:13:42) | WARNING: Intel GPU: Failed to initialize PMU

2025/04/26 (13:30:15) | ===> btop++ v.1.4.0
2025/04/26 (13:30:15) | WARNING: Intel GPU: Failed to initialize PMU
